<?xml version="1.0" encoding="UTF-8"?>
<testng-results skipped="0" failed="0" total="1" passed="1">
  <reporter-output>
  </reporter-output>
  <suite name="Default suite" duration-ms="38527" started-at="2019-12-16T12:23:17Z" finished-at="2019-12-16T12:23:55Z">
    <groups>
    </groups>
    <test name="Default test" duration-ms="38527" started-at="2019-12-16T12:23:17Z" finished-at="2019-12-16T12:23:55Z">
      <class name="Test.MyTestDemo">
        <test-method status="PASS" signature="beforeMethod()[pri:0, instance:Test.MyTestDemo@c0663d]" name="beforeMethod" is-config="true" duration-ms="16178" started-at="2019-12-16T17:53:17Z" finished-at="2019-12-16T17:53:33Z">
          <reporter-output>
          </reporter-output>
        </test-method> <!-- beforeMethod -->
        <test-method status="PASS" signature="f()[pri:0, instance:Test.MyTestDemo@c0663d]" name="f" duration-ms="19140" started-at="2019-12-16T17:53:33Z" finished-at="2019-12-16T17:53:52Z">
          <reporter-output>
          </reporter-output>
        </test-method> <!-- f -->
        <test-method status="PASS" signature="afterMethod()[pri:0, instance:Test.MyTestDemo@c0663d]" name="afterMethod" is-config="true" duration-ms="3190" started-at="2019-12-16T17:53:52Z" finished-at="2019-12-16T17:53:55Z">
          <reporter-output>
          </reporter-output>
        </test-method> <!-- afterMethod -->
      </class> <!-- Test.MyTestDemo -->
    </test> <!-- Default test -->
  </suite> <!-- Default suite -->
</testng-results>
