<?xml version="1.0" encoding="UTF-8"?>
<testng-results skipped="0" failed="0" total="1" passed="1">
  <reporter-output>
  </reporter-output>
  <suite name="Suite" duration-ms="120652" started-at="2019-12-16T12:32:41Z" finished-at="2019-12-16T12:34:41Z">
    <groups>
    </groups>
    <test name="test" duration-ms="120652" started-at="2019-12-16T12:32:41Z" finished-at="2019-12-16T12:34:41Z">
      <class name="Test.MyTestDemo">
        <test-method status="PASS" signature="beforeMethod()[pri:0, instance:Test.MyTestDemo@11d970]" name="beforeMethod" is-config="true" duration-ms="27571" started-at="2019-12-16T18:02:41Z" finished-at="2019-12-16T18:03:08Z">
          <reporter-output>
          </reporter-output>
        </test-method> <!-- beforeMethod -->
        <test-method status="PASS" signature="f()[pri:0, instance:Test.MyTestDemo@11d970]" name="f" duration-ms="90454" started-at="2019-12-16T18:03:08Z" finished-at="2019-12-16T18:04:39Z">
          <reporter-output>
          </reporter-output>
        </test-method> <!-- f -->
        <test-method status="PASS" signature="afterMethod()[pri:0, instance:Test.MyTestDemo@11d970]" name="afterMethod" is-config="true" duration-ms="2613" started-at="2019-12-16T18:04:39Z" finished-at="2019-12-16T18:04:41Z">
          <reporter-output>
          </reporter-output>
        </test-method> <!-- afterMethod -->
      </class> <!-- Test.MyTestDemo -->
    </test> <!-- test -->
  </suite> <!-- Suite -->
</testng-results>
